Sun 24 Jan 13:26:39 GMT 2021
Number Parameters:  1191596
torch.Size([128])
torch.Size([128])
torch.Size([128])
torch.Size([128])
torch.Size([128])
torch.Size([128])
torch.Size([128])
torch.Size([128])
torch.Size([128])
torch.Size([128])
torch.Size([128])
torch.Size([128])
torch.Size([128])
torch.Size([128])
torch.Size([128])
torch.Size([128])
torch.Size([128])
torch.Size([128])
torch.Size([128])
torch.Size([128])
torch.Size([128])
torch.Size([128])
torch.Size([128])
torch.Size([128])
torch.Size([128])
torch.Size([128])
torch.Size([128])
torch.Size([128])
torch.Size([128])
torch.Size([128])
torch.Size([128])
torch.Size([128])
torch.Size([128])
torch.Size([128])
torch.Size([128])
torch.Size([128])
torch.Size([128])
torch.Size([128])
torch.Size([128])
torch.Size([128])
torch.Size([128])
torch.Size([128])
torch.Size([128])
torch.Size([128])
torch.Size([128])
torch.Size([128])
torch.Size([128])
torch.Size([128])
torch.Size([128])
torch.Size([128])
torch.Size([128])
torch.Size([128])
torch.Size([128])
torch.Size([128])
torch.Size([128])
torch.Size([128])
torch.Size([128])
torch.Size([128])
torch.Size([128])
Traceback (most recent call last):
  File "/cluster/home/cug/yl339/current_proj/src/train.py", line 64, in <module>
    run_training(1,params,hyperparams,save_model=True)
  File "/cluster/home/cug/yl339/current_proj/src/train.py", line 44, in run_training
    print(f"{fold}, {epoch}, {train_loss['train']}, {valid_loss[val]}")
NameError: name 'valid_loss' is not defined
Sun 24 Jan 13:26:42 GMT 2021
