Sun 24 Jan 13:21:16 GMT 2021
Number Parameters:  1191596
torch.Size([128])
torch.Size([128])
torch.Size([128])
torch.Size([128])
torch.Size([128])
torch.Size([128])
torch.Size([128])
torch.Size([128])
torch.Size([128])
torch.Size([128])
torch.Size([128])
torch.Size([128])
torch.Size([128])
torch.Size([128])
torch.Size([128])
torch.Size([128])
torch.Size([128])
torch.Size([128])
torch.Size([128])
torch.Size([128])
torch.Size([128])
torch.Size([128])
torch.Size([128])
torch.Size([128])
torch.Size([128])
torch.Size([128])
torch.Size([128])
torch.Size([128])
torch.Size([128])
torch.Size([128])
torch.Size([128])
torch.Size([128])
torch.Size([128])
torch.Size([128])
torch.Size([128])
torch.Size([128])
torch.Size([128])
torch.Size([128])
torch.Size([128])
torch.Size([128])
torch.Size([128])
torch.Size([128])
torch.Size([128])
torch.Size([128])
torch.Size([128])
torch.Size([128])
torch.Size([128])
torch.Size([128])
torch.Size([128])
torch.Size([128])
torch.Size([128])
torch.Size([128])
torch.Size([128])
torch.Size([128])
torch.Size([128])
torch.Size([128])
torch.Size([128])
torch.Size([128])
torch.Size([128])
Traceback (most recent call last):
  File "/cluster/home/cug/yl339/current_proj/src/train.py", line 64, in <module>
    run_training(1,params,hyperparams,save_model=True)
  File "/cluster/home/cug/yl339/current_proj/src/train.py", line 42, in run_training
    train_loss, valid_loss = eng.train(trainloaders,params)
TypeError: cannot unpack non-iterable float object
Sun 24 Jan 13:21:19 GMT 2021
