Sun 24 Jan 13:18:28 GMT 2021
Number Parameters:  1191596
torch.Size([128, 12])
torch.Size([128, 12])
torch.Size([128, 12])
torch.Size([128, 12])
torch.Size([128, 12])
torch.Size([128, 12])
torch.Size([128, 12])
torch.Size([128, 12])
torch.Size([128, 12])
torch.Size([128, 12])
torch.Size([128, 12])
torch.Size([128, 12])
torch.Size([128, 12])
torch.Size([128, 12])
torch.Size([128, 12])
torch.Size([128, 12])
torch.Size([128, 12])
torch.Size([128, 12])
torch.Size([128, 12])
torch.Size([128, 12])
torch.Size([128, 12])
torch.Size([128, 12])
torch.Size([128, 12])
torch.Size([128, 12])
torch.Size([128, 12])
torch.Size([128, 12])
torch.Size([128, 12])
torch.Size([128, 12])
torch.Size([128, 12])
torch.Size([128, 12])
torch.Size([128, 12])
torch.Size([128, 12])
torch.Size([128, 12])
torch.Size([128, 12])
torch.Size([128, 12])
torch.Size([128, 12])
torch.Size([128, 12])
torch.Size([128, 12])
torch.Size([128, 12])
torch.Size([128, 12])
torch.Size([128, 12])
torch.Size([128, 12])
torch.Size([128, 12])
torch.Size([128, 12])
torch.Size([128, 12])
torch.Size([128, 12])
torch.Size([128, 12])
torch.Size([128, 12])
torch.Size([128, 12])
torch.Size([128, 12])
torch.Size([128, 12])
torch.Size([128, 12])
torch.Size([128, 12])
torch.Size([128, 12])
torch.Size([128, 12])
torch.Size([128, 12])
torch.Size([128, 12])
torch.Size([128, 12])
torch.Size([128, 12])
Traceback (most recent call last):
  File "/cluster/home/cug/yl339/current_proj/src/train.py", line 64, in <module>
    run_training(1,params,hyperparams,save_model=False)
  File "/cluster/home/cug/yl339/current_proj/src/train.py", line 44, in run_training
    print(f"{fold}, {epoch}, {train_loss}, {valid_loss}")
NameError: name 'valid_loss' is not defined
Sun 24 Jan 13:18:32 GMT 2021
